-------------------------------------------------------------------------------
Test set: com.ead.configserver.ConfigServerApplicationTests
-------------------------------------------------------------------------------
Tests run: 1, Failures: 0, Errors: 1, Skipped: 0, Time elapsed: 2.13 s <<< FAILURE! - in com.ead.configserver.ConfigServerApplicationTests
contextLoads  Time elapsed: 0.001 s  <<< ERROR!
java.lang.IllegalStateException: Failed to load ApplicationContext
Caused by: org.springframework.beans.factory.BeanCreationException: Error creating bean with name 'webSecurityConfig': Injection of autowired dependencies failed; nested exception is java.lang.IllegalArgumentException: Could not resolve placeholder 'CONFIG_SERVER_USERNAME' in value "${CONFIG_SERVER_USERNAME}"
Caused by: java.lang.IllegalArgumentException: Could not resolve placeholder 'CONFIG_SERVER_USERNAME' in value "${CONFIG_SERVER_USERNAME}"

